<?xml version="1.0" encoding="UTF-8"?>
<testng-results ignored="0" total="1" passed="1" failed="0" skipped="0">
  <reporter-output>
  </reporter-output>
  <suite started-at="2023-07-19T21:26:20 IST" name="Default suite" finished-at="2023-07-19T21:26:27 IST" duration-ms="6493">
    <groups>
    </groups>
    <test started-at="2023-07-19T21:26:20 IST" name="Default test" finished-at="2023-07-19T21:26:27 IST" duration-ms="6493">
      <class name="fetchdatafromresponse.ExtractComplexJsonData">
        <test-method signature="getUserDetails()[pri:0, instance:fetchdatafromresponse.ExtractComplexJsonData@4a7f959b]" started-at="2023-07-19T21:26:20 IST" name="getUserDetails" finished-at="2023-07-19T21:26:27 IST" duration-ms="6341" status="PASS">
          <reporter-output>
          </reporter-output>
        </test-method> <!-- getUserDetails -->
      </class> <!-- fetchdatafromresponse.ExtractComplexJsonData -->
    </test> <!-- Default test -->
  </suite> <!-- Default suite -->
</testng-results>
