<?xml version="1.0" encoding="UTF-8"?>
<testng-results ignored="0" total="2" passed="2" failed="0" skipped="0">
  <reporter-output>
  </reporter-output>
  <suite started-at="2023-07-24T21:30:47 IST" name="Default suite" finished-at="2023-07-24T21:30:56 IST" duration-ms="9097">
    <groups>
    </groups>
    <test started-at="2023-07-24T21:30:47 IST" name="Default test" finished-at="2023-07-24T21:30:56 IST" duration-ms="9097">
      <class name="specbuilders.ReqResSpecBuilder">
        <test-method is-config="true" signature="initReqAndResponseSpec()[pri:0, instance:specbuilders.ReqResSpecBuilder@58695725]" started-at="2023-07-24T21:30:47 IST" name="initReqAndResponseSpec" finished-at="2023-07-24T21:30:48 IST" duration-ms="1335" status="PASS">
          <reporter-output>
          </reporter-output>
        </test-method> <!-- initReqAndResponseSpec -->
        <test-method signature="createAnUser()[pri:1, instance:specbuilders.ReqResSpecBuilder@58695725]" started-at="2023-07-24T21:30:48 IST" name="createAnUser" finished-at="2023-07-24T21:30:54 IST" duration-ms="6366" status="PASS">
          <reporter-output>
          </reporter-output>
        </test-method> <!-- createAnUser -->
        <test-method signature="getUserDetails()[pri:2, instance:specbuilders.ReqResSpecBuilder@58695725]" started-at="2023-07-24T21:30:54 IST" name="getUserDetails" finished-at="2023-07-24T21:30:56 IST" duration-ms="1284" status="PASS">
          <reporter-output>
          </reporter-output>
        </test-method> <!-- getUserDetails -->
      </class> <!-- specbuilders.ReqResSpecBuilder -->
    </test> <!-- Default test -->
  </suite> <!-- Default suite -->
</testng-results>
